ARM GAS  C:\Users\lzt404\AppData\Local\Temp\ccv9aAUm.s 			page 1


   1              		.cpu cortex-m4
   2              		.arch armv7e-m
   3              		.fpu fpv4-sp-d16
   4              		.eabi_attribute 27, 1
   5              		.eabi_attribute 28, 1
   6              		.eabi_attribute 20, 1
   7              		.eabi_attribute 21, 1
   8              		.eabi_attribute 23, 3
   9              		.eabi_attribute 24, 1
  10              		.eabi_attribute 25, 1
  11              		.eabi_attribute 26, 1
  12              		.eabi_attribute 30, 1
  13              		.eabi_attribute 34, 1
  14              		.eabi_attribute 18, 4
  15              		.file	"gpio.c"
  16              		.text
  17              	.Ltext0:
  18              		.cfi_sections	.debug_frame
  19              		.file 1 "Core/Src/gpio.c"
  20              		.section	.text.MX_GPIO_Init,"ax",%progbits
  21              		.align	1
  22              		.global	MX_GPIO_Init
  23              		.syntax unified
  24              		.thumb
  25              		.thumb_func
  27              	MX_GPIO_Init:
  28              	.LFB134:
   1:Core/Src/gpio.c **** /* USER CODE BEGIN Header */
   2:Core/Src/gpio.c **** /**
   3:Core/Src/gpio.c ****   ******************************************************************************
   4:Core/Src/gpio.c ****   * @file    gpio.c
   5:Core/Src/gpio.c ****   * @brief   This file provides code for the configuration
   6:Core/Src/gpio.c ****   *          of all used GPIO pins.
   7:Core/Src/gpio.c ****   ******************************************************************************
   8:Core/Src/gpio.c ****   * @attention
   9:Core/Src/gpio.c ****   *
  10:Core/Src/gpio.c ****   * Copyright (c) 2025 STMicroelectronics.
  11:Core/Src/gpio.c ****   * All rights reserved.
  12:Core/Src/gpio.c ****   *
  13:Core/Src/gpio.c ****   * This software is licensed under terms that can be found in the LICENSE file
  14:Core/Src/gpio.c ****   * in the root directory of this software component.
  15:Core/Src/gpio.c ****   * If no LICENSE file comes with this software, it is provided AS-IS.
  16:Core/Src/gpio.c ****   *
  17:Core/Src/gpio.c ****   ******************************************************************************
  18:Core/Src/gpio.c ****   */
  19:Core/Src/gpio.c **** /* USER CODE END Header */
  20:Core/Src/gpio.c **** 
  21:Core/Src/gpio.c **** /* Includes ------------------------------------------------------------------*/
  22:Core/Src/gpio.c **** #include "gpio.h"
  23:Core/Src/gpio.c **** 
  24:Core/Src/gpio.c **** /* USER CODE BEGIN 0 */
  25:Core/Src/gpio.c **** 
  26:Core/Src/gpio.c **** /* USER CODE END 0 */
  27:Core/Src/gpio.c **** 
  28:Core/Src/gpio.c **** /*----------------------------------------------------------------------------*/
  29:Core/Src/gpio.c **** /* Configure GPIO                                                             */
  30:Core/Src/gpio.c **** /*----------------------------------------------------------------------------*/
ARM GAS  C:\Users\lzt404\AppData\Local\Temp\ccv9aAUm.s 			page 2


  31:Core/Src/gpio.c **** /* USER CODE BEGIN 1 */
  32:Core/Src/gpio.c **** 
  33:Core/Src/gpio.c **** /* USER CODE END 1 */
  34:Core/Src/gpio.c **** 
  35:Core/Src/gpio.c **** /** Configure pins as
  36:Core/Src/gpio.c ****         * Analog
  37:Core/Src/gpio.c ****         * Input
  38:Core/Src/gpio.c ****         * Output
  39:Core/Src/gpio.c ****         * EVENT_OUT
  40:Core/Src/gpio.c ****         * EXTI
  41:Core/Src/gpio.c **** */
  42:Core/Src/gpio.c **** void MX_GPIO_Init(void)
  43:Core/Src/gpio.c **** {
  29              		.loc 1 43 1 view -0
  30              		.cfi_startproc
  31              		@ args = 0, pretend = 0, frame = 48
  32              		@ frame_needed = 0, uses_anonymous_args = 0
  33 0000 70B5     		push	{r4, r5, r6, lr}
  34              	.LCFI0:
  35              		.cfi_def_cfa_offset 16
  36              		.cfi_offset 4, -16
  37              		.cfi_offset 5, -12
  38              		.cfi_offset 6, -8
  39              		.cfi_offset 14, -4
  40 0002 8CB0     		sub	sp, sp, #48
  41              	.LCFI1:
  42              		.cfi_def_cfa_offset 64
  44:Core/Src/gpio.c **** 
  45:Core/Src/gpio.c ****   GPIO_InitTypeDef GPIO_InitStruct = {0};
  43              		.loc 1 45 3 view .LVU1
  44              		.loc 1 45 20 is_stmt 0 view .LVU2
  45 0004 0024     		movs	r4, #0
  46 0006 0794     		str	r4, [sp, #28]
  47 0008 0894     		str	r4, [sp, #32]
  48 000a 0994     		str	r4, [sp, #36]
  49 000c 0A94     		str	r4, [sp, #40]
  50 000e 0B94     		str	r4, [sp, #44]
  46:Core/Src/gpio.c **** 
  47:Core/Src/gpio.c ****   /* GPIO Ports Clock Enable */
  48:Core/Src/gpio.c ****   __HAL_RCC_GPIOH_CLK_ENABLE();
  51              		.loc 1 48 3 is_stmt 1 view .LVU3
  52              	.LBB2:
  53              		.loc 1 48 3 view .LVU4
  54 0010 0194     		str	r4, [sp, #4]
  55              		.loc 1 48 3 view .LVU5
  56 0012 2B4B     		ldr	r3, .L3
  57 0014 1A6B     		ldr	r2, [r3, #48]
  58 0016 42F08002 		orr	r2, r2, #128
  59 001a 1A63     		str	r2, [r3, #48]
  60              		.loc 1 48 3 view .LVU6
  61 001c 1A6B     		ldr	r2, [r3, #48]
  62 001e 02F08002 		and	r2, r2, #128
  63 0022 0192     		str	r2, [sp, #4]
  64              		.loc 1 48 3 view .LVU7
  65 0024 019A     		ldr	r2, [sp, #4]
  66              	.LBE2:
  67              		.loc 1 48 3 view .LVU8
ARM GAS  C:\Users\lzt404\AppData\Local\Temp\ccv9aAUm.s 			page 3


  49:Core/Src/gpio.c ****   __HAL_RCC_GPIOC_CLK_ENABLE();
  68              		.loc 1 49 3 view .LVU9
  69              	.LBB3:
  70              		.loc 1 49 3 view .LVU10
  71 0026 0294     		str	r4, [sp, #8]
  72              		.loc 1 49 3 view .LVU11
  73 0028 1A6B     		ldr	r2, [r3, #48]
  74 002a 42F00402 		orr	r2, r2, #4
  75 002e 1A63     		str	r2, [r3, #48]
  76              		.loc 1 49 3 view .LVU12
  77 0030 1A6B     		ldr	r2, [r3, #48]
  78 0032 02F00402 		and	r2, r2, #4
  79 0036 0292     		str	r2, [sp, #8]
  80              		.loc 1 49 3 view .LVU13
  81 0038 029A     		ldr	r2, [sp, #8]
  82              	.LBE3:
  83              		.loc 1 49 3 view .LVU14
  50:Core/Src/gpio.c ****   __HAL_RCC_GPIOE_CLK_ENABLE();
  84              		.loc 1 50 3 view .LVU15
  85              	.LBB4:
  86              		.loc 1 50 3 view .LVU16
  87 003a 0394     		str	r4, [sp, #12]
  88              		.loc 1 50 3 view .LVU17
  89 003c 1A6B     		ldr	r2, [r3, #48]
  90 003e 42F01002 		orr	r2, r2, #16
  91 0042 1A63     		str	r2, [r3, #48]
  92              		.loc 1 50 3 view .LVU18
  93 0044 1A6B     		ldr	r2, [r3, #48]
  94 0046 02F01002 		and	r2, r2, #16
  95 004a 0392     		str	r2, [sp, #12]
  96              		.loc 1 50 3 view .LVU19
  97 004c 039A     		ldr	r2, [sp, #12]
  98              	.LBE4:
  99              		.loc 1 50 3 view .LVU20
  51:Core/Src/gpio.c ****   __HAL_RCC_GPIOB_CLK_ENABLE();
 100              		.loc 1 51 3 view .LVU21
 101              	.LBB5:
 102              		.loc 1 51 3 view .LVU22
 103 004e 0494     		str	r4, [sp, #16]
 104              		.loc 1 51 3 view .LVU23
 105 0050 1A6B     		ldr	r2, [r3, #48]
 106 0052 42F00202 		orr	r2, r2, #2
 107 0056 1A63     		str	r2, [r3, #48]
 108              		.loc 1 51 3 view .LVU24
 109 0058 1A6B     		ldr	r2, [r3, #48]
 110 005a 02F00202 		and	r2, r2, #2
 111 005e 0492     		str	r2, [sp, #16]
 112              		.loc 1 51 3 view .LVU25
 113 0060 049A     		ldr	r2, [sp, #16]
 114              	.LBE5:
 115              		.loc 1 51 3 view .LVU26
  52:Core/Src/gpio.c ****   __HAL_RCC_GPIOD_CLK_ENABLE();
 116              		.loc 1 52 3 view .LVU27
 117              	.LBB6:
 118              		.loc 1 52 3 view .LVU28
 119 0062 0594     		str	r4, [sp, #20]
 120              		.loc 1 52 3 view .LVU29
ARM GAS  C:\Users\lzt404\AppData\Local\Temp\ccv9aAUm.s 			page 4


 121 0064 1A6B     		ldr	r2, [r3, #48]
 122 0066 42F00802 		orr	r2, r2, #8
 123 006a 1A63     		str	r2, [r3, #48]
 124              		.loc 1 52 3 view .LVU30
 125 006c 1A6B     		ldr	r2, [r3, #48]
 126 006e 02F00802 		and	r2, r2, #8
 127 0072 0592     		str	r2, [sp, #20]
 128              		.loc 1 52 3 view .LVU31
 129 0074 059A     		ldr	r2, [sp, #20]
 130              	.LBE6:
 131              		.loc 1 52 3 view .LVU32
  53:Core/Src/gpio.c ****   __HAL_RCC_GPIOA_CLK_ENABLE();
 132              		.loc 1 53 3 view .LVU33
 133              	.LBB7:
 134              		.loc 1 53 3 view .LVU34
 135 0076 0694     		str	r4, [sp, #24]
 136              		.loc 1 53 3 view .LVU35
 137 0078 1A6B     		ldr	r2, [r3, #48]
 138 007a 42F00102 		orr	r2, r2, #1
 139 007e 1A63     		str	r2, [r3, #48]
 140              		.loc 1 53 3 view .LVU36
 141 0080 1B6B     		ldr	r3, [r3, #48]
 142 0082 03F00103 		and	r3, r3, #1
 143 0086 0693     		str	r3, [sp, #24]
 144              		.loc 1 53 3 view .LVU37
 145 0088 069B     		ldr	r3, [sp, #24]
 146              	.LBE7:
 147              		.loc 1 53 3 view .LVU38
  54:Core/Src/gpio.c **** 
  55:Core/Src/gpio.c ****   /*Configure GPIO pin Output Level */
  56:Core/Src/gpio.c ****   HAL_GPIO_WritePin(GPIOD, CH390_CS1_Pin|CH390_CS2_Pin|CH390_CS3_Pin, GPIO_PIN_RESET);
 148              		.loc 1 56 3 view .LVU39
 149 008a 0E4D     		ldr	r5, .L3+4
 150 008c 2246     		mov	r2, r4
 151 008e 4FF42841 		mov	r1, #43008
 152 0092 2846     		mov	r0, r5
 153 0094 FFF7FEFF 		bl	HAL_GPIO_WritePin
 154              	.LVL0:
  57:Core/Src/gpio.c **** 
  58:Core/Src/gpio.c ****   /*Configure GPIO pins : CH390_INT_1_Pin CH390_INT_2_Pin CH390_INT_3_Pin */
  59:Core/Src/gpio.c ****   GPIO_InitStruct.Pin = CH390_INT_1_Pin|CH390_INT_2_Pin|CH390_INT_3_Pin;
 155              		.loc 1 59 3 view .LVU40
 156              		.loc 1 59 23 is_stmt 0 view .LVU41
 157 0098 4FF42846 		mov	r6, #43008
 158 009c 0796     		str	r6, [sp, #28]
  60:Core/Src/gpio.c ****   GPIO_InitStruct.Mode = GPIO_MODE_INPUT;
 159              		.loc 1 60 3 is_stmt 1 view .LVU42
 160              		.loc 1 60 24 is_stmt 0 view .LVU43
 161 009e 0894     		str	r4, [sp, #32]
  61:Core/Src/gpio.c ****   GPIO_InitStruct.Pull = GPIO_NOPULL;
 162              		.loc 1 61 3 is_stmt 1 view .LVU44
 163              		.loc 1 61 24 is_stmt 0 view .LVU45
 164 00a0 0994     		str	r4, [sp, #36]
  62:Core/Src/gpio.c ****   HAL_GPIO_Init(GPIOE, &GPIO_InitStruct);
 165              		.loc 1 62 3 is_stmt 1 view .LVU46
 166 00a2 07A9     		add	r1, sp, #28
 167 00a4 0848     		ldr	r0, .L3+8
ARM GAS  C:\Users\lzt404\AppData\Local\Temp\ccv9aAUm.s 			page 5


 168 00a6 FFF7FEFF 		bl	HAL_GPIO_Init
 169              	.LVL1:
  63:Core/Src/gpio.c **** 
  64:Core/Src/gpio.c ****   /*Configure GPIO pins : CH390_CS1_Pin CH390_CS2_Pin CH390_CS3_Pin */
  65:Core/Src/gpio.c ****   GPIO_InitStruct.Pin = CH390_CS1_Pin|CH390_CS2_Pin|CH390_CS3_Pin;
 170              		.loc 1 65 3 view .LVU47
 171              		.loc 1 65 23 is_stmt 0 view .LVU48
 172 00aa 0796     		str	r6, [sp, #28]
  66:Core/Src/gpio.c ****   GPIO_InitStruct.Mode = GPIO_MODE_OUTPUT_PP;
 173              		.loc 1 66 3 is_stmt 1 view .LVU49
 174              		.loc 1 66 24 is_stmt 0 view .LVU50
 175 00ac 0123     		movs	r3, #1
 176 00ae 0893     		str	r3, [sp, #32]
  67:Core/Src/gpio.c ****   GPIO_InitStruct.Pull = GPIO_NOPULL;
 177              		.loc 1 67 3 is_stmt 1 view .LVU51
 178              		.loc 1 67 24 is_stmt 0 view .LVU52
 179 00b0 0994     		str	r4, [sp, #36]
  68:Core/Src/gpio.c ****   GPIO_InitStruct.Speed = GPIO_SPEED_FREQ_LOW;
 180              		.loc 1 68 3 is_stmt 1 view .LVU53
 181              		.loc 1 68 25 is_stmt 0 view .LVU54
 182 00b2 0A94     		str	r4, [sp, #40]
  69:Core/Src/gpio.c ****   HAL_GPIO_Init(GPIOD, &GPIO_InitStruct);
 183              		.loc 1 69 3 is_stmt 1 view .LVU55
 184 00b4 07A9     		add	r1, sp, #28
 185 00b6 2846     		mov	r0, r5
 186 00b8 FFF7FEFF 		bl	HAL_GPIO_Init
 187              	.LVL2:
  70:Core/Src/gpio.c **** 
  71:Core/Src/gpio.c **** }
 188              		.loc 1 71 1 is_stmt 0 view .LVU56
 189 00bc 0CB0     		add	sp, sp, #48
 190              	.LCFI2:
 191              		.cfi_def_cfa_offset 16
 192              		@ sp needed
 193 00be 70BD     		pop	{r4, r5, r6, pc}
 194              	.L4:
 195              		.align	2
 196              	.L3:
 197 00c0 00380240 		.word	1073887232
 198 00c4 000C0240 		.word	1073875968
 199 00c8 00100240 		.word	1073876992
 200              		.cfi_endproc
 201              	.LFE134:
 203              		.text
 204              	.Letext0:
 205              		.file 2 "D:/toolchain/mcu/arm-gnu-toolchain-13.3.rel1-mingw-w64-i686-arm-none-eabi/arm-none-eabi/i
 206              		.file 3 "D:/toolchain/mcu/arm-gnu-toolchain-13.3.rel1-mingw-w64-i686-arm-none-eabi/arm-none-eabi/i
 207              		.file 4 "Drivers/CMSIS/Device/ST/STM32F4xx/Include/stm32f407xx.h"
 208              		.file 5 "Drivers/STM32F4xx_HAL_Driver/Inc/stm32f4xx_hal_gpio.h"
ARM GAS  C:\Users\lzt404\AppData\Local\Temp\ccv9aAUm.s 			page 6


DEFINED SYMBOLS
                            *ABS*:00000000 gpio.c
C:\Users\lzt404\AppData\Local\Temp\ccv9aAUm.s:21     .text.MX_GPIO_Init:00000000 $t
C:\Users\lzt404\AppData\Local\Temp\ccv9aAUm.s:27     .text.MX_GPIO_Init:00000000 MX_GPIO_Init
C:\Users\lzt404\AppData\Local\Temp\ccv9aAUm.s:197    .text.MX_GPIO_Init:000000c0 $d

UNDEFINED SYMBOLS
HAL_GPIO_WritePin
HAL_GPIO_Init
