ARM GAS  C:\Users\lzt404\AppData\Local\Temp\ccvlgAUm.s 			page 1


   1              		.cpu cortex-m4
   2              		.arch armv7e-m
   3              		.fpu fpv4-sp-d16
   4              		.eabi_attribute 27, 1
   5              		.eabi_attribute 28, 1
   6              		.eabi_attribute 20, 1
   7              		.eabi_attribute 21, 1
   8              		.eabi_attribute 23, 3
   9              		.eabi_attribute 24, 1
  10              		.eabi_attribute 25, 1
  11              		.eabi_attribute 26, 1
  12              		.eabi_attribute 30, 1
  13              		.eabi_attribute 34, 1
  14              		.eabi_attribute 18, 4
  15              		.file	"spi.c"
  16              		.text
  17              	.Ltext0:
  18              		.cfi_sections	.debug_frame
  19              		.file 1 "Core/Src/spi.c"
  20              		.section	.text.MX_SPI2_Init,"ax",%progbits
  21              		.align	1
  22              		.global	MX_SPI2_Init
  23              		.syntax unified
  24              		.thumb
  25              		.thumb_func
  27              	MX_SPI2_Init:
  28              	.LFB134:
   1:Core/Src/spi.c **** /* USER CODE BEGIN Header */
   2:Core/Src/spi.c **** /**
   3:Core/Src/spi.c ****   ******************************************************************************
   4:Core/Src/spi.c ****   * @file    spi.c
   5:Core/Src/spi.c ****   * @brief   This file provides code for the configuration
   6:Core/Src/spi.c ****   *          of the SPI instances.
   7:Core/Src/spi.c ****   ******************************************************************************
   8:Core/Src/spi.c ****   * @attention
   9:Core/Src/spi.c ****   *
  10:Core/Src/spi.c ****   * Copyright (c) 2025 STMicroelectronics.
  11:Core/Src/spi.c ****   * All rights reserved.
  12:Core/Src/spi.c ****   *
  13:Core/Src/spi.c ****   * This software is licensed under terms that can be found in the LICENSE file
  14:Core/Src/spi.c ****   * in the root directory of this software component.
  15:Core/Src/spi.c ****   * If no LICENSE file comes with this software, it is provided AS-IS.
  16:Core/Src/spi.c ****   *
  17:Core/Src/spi.c ****   ******************************************************************************
  18:Core/Src/spi.c ****   */
  19:Core/Src/spi.c **** /* USER CODE END Header */
  20:Core/Src/spi.c **** /* Includes ------------------------------------------------------------------*/
  21:Core/Src/spi.c **** #include "spi.h"
  22:Core/Src/spi.c **** 
  23:Core/Src/spi.c **** /* USER CODE BEGIN 0 */
  24:Core/Src/spi.c **** 
  25:Core/Src/spi.c **** /* USER CODE END 0 */
  26:Core/Src/spi.c **** 
  27:Core/Src/spi.c **** SPI_HandleTypeDef hspi2;
  28:Core/Src/spi.c **** 
  29:Core/Src/spi.c **** /* SPI2 init function */
  30:Core/Src/spi.c **** void MX_SPI2_Init(void)
ARM GAS  C:\Users\lzt404\AppData\Local\Temp\ccvlgAUm.s 			page 2


  31:Core/Src/spi.c **** {
  29              		.loc 1 31 1 view -0
  30              		.cfi_startproc
  31              		@ args = 0, pretend = 0, frame = 0
  32              		@ frame_needed = 0, uses_anonymous_args = 0
  33 0000 08B5     		push	{r3, lr}
  34              	.LCFI0:
  35              		.cfi_def_cfa_offset 8
  36              		.cfi_offset 3, -8
  37              		.cfi_offset 14, -4
  32:Core/Src/spi.c **** 
  33:Core/Src/spi.c ****   /* USER CODE BEGIN SPI2_Init 0 */
  34:Core/Src/spi.c **** 
  35:Core/Src/spi.c ****   /* USER CODE END SPI2_Init 0 */
  36:Core/Src/spi.c **** 
  37:Core/Src/spi.c ****   /* USER CODE BEGIN SPI2_Init 1 */
  38:Core/Src/spi.c **** 
  39:Core/Src/spi.c ****   /* USER CODE END SPI2_Init 1 */
  40:Core/Src/spi.c ****   hspi2.Instance = SPI2;
  38              		.loc 1 40 3 view .LVU1
  39              		.loc 1 40 18 is_stmt 0 view .LVU2
  40 0002 0E48     		ldr	r0, .L5
  41 0004 0E4B     		ldr	r3, .L5+4
  42 0006 0360     		str	r3, [r0]
  41:Core/Src/spi.c ****   hspi2.Init.Mode = SPI_MODE_MASTER;
  43              		.loc 1 41 3 is_stmt 1 view .LVU3
  44              		.loc 1 41 19 is_stmt 0 view .LVU4
  45 0008 4FF48273 		mov	r3, #260
  46 000c 4360     		str	r3, [r0, #4]
  42:Core/Src/spi.c ****   hspi2.Init.Direction = SPI_DIRECTION_2LINES;
  47              		.loc 1 42 3 is_stmt 1 view .LVU5
  48              		.loc 1 42 24 is_stmt 0 view .LVU6
  49 000e 0023     		movs	r3, #0
  50 0010 8360     		str	r3, [r0, #8]
  43:Core/Src/spi.c ****   hspi2.Init.DataSize = SPI_DATASIZE_8BIT;
  51              		.loc 1 43 3 is_stmt 1 view .LVU7
  52              		.loc 1 43 23 is_stmt 0 view .LVU8
  53 0012 C360     		str	r3, [r0, #12]
  44:Core/Src/spi.c ****   hspi2.Init.CLKPolarity = SPI_POLARITY_HIGH;
  54              		.loc 1 44 3 is_stmt 1 view .LVU9
  55              		.loc 1 44 26 is_stmt 0 view .LVU10
  56 0014 0222     		movs	r2, #2
  57 0016 0261     		str	r2, [r0, #16]
  45:Core/Src/spi.c ****   hspi2.Init.CLKPhase = SPI_PHASE_2EDGE;
  58              		.loc 1 45 3 is_stmt 1 view .LVU11
  59              		.loc 1 45 23 is_stmt 0 view .LVU12
  60 0018 0122     		movs	r2, #1
  61 001a 4261     		str	r2, [r0, #20]
  46:Core/Src/spi.c ****   hspi2.Init.NSS = SPI_NSS_SOFT;
  62              		.loc 1 46 3 is_stmt 1 view .LVU13
  63              		.loc 1 46 18 is_stmt 0 view .LVU14
  64 001c 4FF40072 		mov	r2, #512
  65 0020 8261     		str	r2, [r0, #24]
  47:Core/Src/spi.c ****   hspi2.Init.BaudRatePrescaler = SPI_BAUDRATEPRESCALER_2;
  66              		.loc 1 47 3 is_stmt 1 view .LVU15
  67              		.loc 1 47 32 is_stmt 0 view .LVU16
  68 0022 C361     		str	r3, [r0, #28]
ARM GAS  C:\Users\lzt404\AppData\Local\Temp\ccvlgAUm.s 			page 3


  48:Core/Src/spi.c ****   hspi2.Init.FirstBit = SPI_FIRSTBIT_MSB;
  69              		.loc 1 48 3 is_stmt 1 view .LVU17
  70              		.loc 1 48 23 is_stmt 0 view .LVU18
  71 0024 0362     		str	r3, [r0, #32]
  49:Core/Src/spi.c ****   hspi2.Init.TIMode = SPI_TIMODE_DISABLE;
  72              		.loc 1 49 3 is_stmt 1 view .LVU19
  73              		.loc 1 49 21 is_stmt 0 view .LVU20
  74 0026 4362     		str	r3, [r0, #36]
  50:Core/Src/spi.c ****   hspi2.Init.CRCCalculation = SPI_CRCCALCULATION_DISABLE;
  75              		.loc 1 50 3 is_stmt 1 view .LVU21
  76              		.loc 1 50 29 is_stmt 0 view .LVU22
  77 0028 8362     		str	r3, [r0, #40]
  51:Core/Src/spi.c ****   hspi2.Init.CRCPolynomial = 10;
  78              		.loc 1 51 3 is_stmt 1 view .LVU23
  79              		.loc 1 51 28 is_stmt 0 view .LVU24
  80 002a 0A23     		movs	r3, #10
  81 002c C362     		str	r3, [r0, #44]
  52:Core/Src/spi.c ****   if (HAL_SPI_Init(&hspi2) != HAL_OK)
  82              		.loc 1 52 3 is_stmt 1 view .LVU25
  83              		.loc 1 52 7 is_stmt 0 view .LVU26
  84 002e FFF7FEFF 		bl	HAL_SPI_Init
  85              	.LVL0:
  86              		.loc 1 52 6 discriminator 1 view .LVU27
  87 0032 00B9     		cbnz	r0, .L4
  88              	.L1:
  53:Core/Src/spi.c ****   {
  54:Core/Src/spi.c ****     Error_Handler();
  55:Core/Src/spi.c ****   }
  56:Core/Src/spi.c ****   /* USER CODE BEGIN SPI2_Init 2 */
  57:Core/Src/spi.c **** 
  58:Core/Src/spi.c ****   /* USER CODE END SPI2_Init 2 */
  59:Core/Src/spi.c **** 
  60:Core/Src/spi.c **** }
  89              		.loc 1 60 1 view .LVU28
  90 0034 08BD     		pop	{r3, pc}
  91              	.L4:
  54:Core/Src/spi.c ****   }
  92              		.loc 1 54 5 is_stmt 1 view .LVU29
  93 0036 FFF7FEFF 		bl	Error_Handler
  94              	.LVL1:
  95              		.loc 1 60 1 is_stmt 0 view .LVU30
  96 003a FBE7     		b	.L1
  97              	.L6:
  98              		.align	2
  99              	.L5:
 100 003c 00000000 		.word	hspi2
 101 0040 00380040 		.word	1073756160
 102              		.cfi_endproc
 103              	.LFE134:
 105              		.section	.text.HAL_SPI_MspInit,"ax",%progbits
 106              		.align	1
 107              		.global	HAL_SPI_MspInit
 108              		.syntax unified
 109              		.thumb
 110              		.thumb_func
 112              	HAL_SPI_MspInit:
 113              	.LVL2:
ARM GAS  C:\Users\lzt404\AppData\Local\Temp\ccvlgAUm.s 			page 4


 114              	.LFB135:
  61:Core/Src/spi.c **** 
  62:Core/Src/spi.c **** void HAL_SPI_MspInit(SPI_HandleTypeDef* spiHandle)
  63:Core/Src/spi.c **** {
 115              		.loc 1 63 1 is_stmt 1 view -0
 116              		.cfi_startproc
 117              		@ args = 0, pretend = 0, frame = 32
 118              		@ frame_needed = 0, uses_anonymous_args = 0
 119              		.loc 1 63 1 is_stmt 0 view .LVU32
 120 0000 F0B5     		push	{r4, r5, r6, r7, lr}
 121              	.LCFI1:
 122              		.cfi_def_cfa_offset 20
 123              		.cfi_offset 4, -20
 124              		.cfi_offset 5, -16
 125              		.cfi_offset 6, -12
 126              		.cfi_offset 7, -8
 127              		.cfi_offset 14, -4
 128 0002 89B0     		sub	sp, sp, #36
 129              	.LCFI2:
 130              		.cfi_def_cfa_offset 56
  64:Core/Src/spi.c **** 
  65:Core/Src/spi.c ****   GPIO_InitTypeDef GPIO_InitStruct = {0};
 131              		.loc 1 65 3 is_stmt 1 view .LVU33
 132              		.loc 1 65 20 is_stmt 0 view .LVU34
 133 0004 0023     		movs	r3, #0
 134 0006 0393     		str	r3, [sp, #12]
 135 0008 0493     		str	r3, [sp, #16]
 136 000a 0593     		str	r3, [sp, #20]
 137 000c 0693     		str	r3, [sp, #24]
 138 000e 0793     		str	r3, [sp, #28]
  66:Core/Src/spi.c ****   if(spiHandle->Instance==SPI2)
 139              		.loc 1 66 3 is_stmt 1 view .LVU35
 140              		.loc 1 66 15 is_stmt 0 view .LVU36
 141 0010 0268     		ldr	r2, [r0]
 142              		.loc 1 66 5 view .LVU37
 143 0012 1F4B     		ldr	r3, .L11
 144 0014 9A42     		cmp	r2, r3
 145 0016 01D0     		beq	.L10
 146              	.LVL3:
 147              	.L7:
  67:Core/Src/spi.c ****   {
  68:Core/Src/spi.c ****   /* USER CODE BEGIN SPI2_MspInit 0 */
  69:Core/Src/spi.c **** 
  70:Core/Src/spi.c ****   /* USER CODE END SPI2_MspInit 0 */
  71:Core/Src/spi.c ****     /* SPI2 clock enable */
  72:Core/Src/spi.c ****     __HAL_RCC_SPI2_CLK_ENABLE();
  73:Core/Src/spi.c **** 
  74:Core/Src/spi.c ****     __HAL_RCC_GPIOC_CLK_ENABLE();
  75:Core/Src/spi.c ****     __HAL_RCC_GPIOB_CLK_ENABLE();
  76:Core/Src/spi.c ****     /**SPI2 GPIO Configuration
  77:Core/Src/spi.c ****     PC2     ------> SPI2_MISO
  78:Core/Src/spi.c ****     PC3     ------> SPI2_MOSI
  79:Core/Src/spi.c ****     PB10     ------> SPI2_SCK
  80:Core/Src/spi.c ****     */
  81:Core/Src/spi.c ****     GPIO_InitStruct.Pin = GPIO_PIN_2|GPIO_PIN_3;
  82:Core/Src/spi.c ****     GPIO_InitStruct.Mode = GPIO_MODE_AF_PP;
  83:Core/Src/spi.c ****     GPIO_InitStruct.Pull = GPIO_NOPULL;
ARM GAS  C:\Users\lzt404\AppData\Local\Temp\ccvlgAUm.s 			page 5


  84:Core/Src/spi.c ****     GPIO_InitStruct.Speed = GPIO_SPEED_FREQ_VERY_HIGH;
  85:Core/Src/spi.c ****     GPIO_InitStruct.Alternate = GPIO_AF5_SPI2;
  86:Core/Src/spi.c ****     HAL_GPIO_Init(GPIOC, &GPIO_InitStruct);
  87:Core/Src/spi.c **** 
  88:Core/Src/spi.c ****     GPIO_InitStruct.Pin = GPIO_PIN_10;
  89:Core/Src/spi.c ****     GPIO_InitStruct.Mode = GPIO_MODE_AF_PP;
  90:Core/Src/spi.c ****     GPIO_InitStruct.Pull = GPIO_NOPULL;
  91:Core/Src/spi.c ****     GPIO_InitStruct.Speed = GPIO_SPEED_FREQ_VERY_HIGH;
  92:Core/Src/spi.c ****     GPIO_InitStruct.Alternate = GPIO_AF5_SPI2;
  93:Core/Src/spi.c ****     HAL_GPIO_Init(GPIOB, &GPIO_InitStruct);
  94:Core/Src/spi.c **** 
  95:Core/Src/spi.c ****   /* USER CODE BEGIN SPI2_MspInit 1 */
  96:Core/Src/spi.c **** 
  97:Core/Src/spi.c ****   /* USER CODE END SPI2_MspInit 1 */
  98:Core/Src/spi.c ****   }
  99:Core/Src/spi.c **** }
 148              		.loc 1 99 1 view .LVU38
 149 0018 09B0     		add	sp, sp, #36
 150              	.LCFI3:
 151              		.cfi_remember_state
 152              		.cfi_def_cfa_offset 20
 153              		@ sp needed
 154 001a F0BD     		pop	{r4, r5, r6, r7, pc}
 155              	.LVL4:
 156              	.L10:
 157              	.LCFI4:
 158              		.cfi_restore_state
  72:Core/Src/spi.c **** 
 159              		.loc 1 72 5 is_stmt 1 view .LVU39
 160              	.LBB2:
  72:Core/Src/spi.c **** 
 161              		.loc 1 72 5 view .LVU40
 162 001c 0024     		movs	r4, #0
 163 001e 0094     		str	r4, [sp]
  72:Core/Src/spi.c **** 
 164              		.loc 1 72 5 view .LVU41
 165 0020 03F50033 		add	r3, r3, #131072
 166 0024 1A6C     		ldr	r2, [r3, #64]
 167 0026 42F48042 		orr	r2, r2, #16384
 168 002a 1A64     		str	r2, [r3, #64]
  72:Core/Src/spi.c **** 
 169              		.loc 1 72 5 view .LVU42
 170 002c 1A6C     		ldr	r2, [r3, #64]
 171 002e 02F48042 		and	r2, r2, #16384
 172 0032 0092     		str	r2, [sp]
  72:Core/Src/spi.c **** 
 173              		.loc 1 72 5 view .LVU43
 174 0034 009A     		ldr	r2, [sp]
 175              	.LBE2:
  72:Core/Src/spi.c **** 
 176              		.loc 1 72 5 view .LVU44
  74:Core/Src/spi.c ****     __HAL_RCC_GPIOB_CLK_ENABLE();
 177              		.loc 1 74 5 view .LVU45
 178              	.LBB3:
  74:Core/Src/spi.c ****     __HAL_RCC_GPIOB_CLK_ENABLE();
 179              		.loc 1 74 5 view .LVU46
 180 0036 0194     		str	r4, [sp, #4]
ARM GAS  C:\Users\lzt404\AppData\Local\Temp\ccvlgAUm.s 			page 6


  74:Core/Src/spi.c ****     __HAL_RCC_GPIOB_CLK_ENABLE();
 181              		.loc 1 74 5 view .LVU47
 182 0038 1A6B     		ldr	r2, [r3, #48]
 183 003a 42F00402 		orr	r2, r2, #4
 184 003e 1A63     		str	r2, [r3, #48]
  74:Core/Src/spi.c ****     __HAL_RCC_GPIOB_CLK_ENABLE();
 185              		.loc 1 74 5 view .LVU48
 186 0040 1A6B     		ldr	r2, [r3, #48]
 187 0042 02F00402 		and	r2, r2, #4
 188 0046 0192     		str	r2, [sp, #4]
  74:Core/Src/spi.c ****     __HAL_RCC_GPIOB_CLK_ENABLE();
 189              		.loc 1 74 5 view .LVU49
 190 0048 019A     		ldr	r2, [sp, #4]
 191              	.LBE3:
  74:Core/Src/spi.c ****     __HAL_RCC_GPIOB_CLK_ENABLE();
 192              		.loc 1 74 5 view .LVU50
  75:Core/Src/spi.c ****     /**SPI2 GPIO Configuration
 193              		.loc 1 75 5 view .LVU51
 194              	.LBB4:
  75:Core/Src/spi.c ****     /**SPI2 GPIO Configuration
 195              		.loc 1 75 5 view .LVU52
 196 004a 0294     		str	r4, [sp, #8]
  75:Core/Src/spi.c ****     /**SPI2 GPIO Configuration
 197              		.loc 1 75 5 view .LVU53
 198 004c 1A6B     		ldr	r2, [r3, #48]
 199 004e 42F00202 		orr	r2, r2, #2
 200 0052 1A63     		str	r2, [r3, #48]
  75:Core/Src/spi.c ****     /**SPI2 GPIO Configuration
 201              		.loc 1 75 5 view .LVU54
 202 0054 1B6B     		ldr	r3, [r3, #48]
 203 0056 03F00203 		and	r3, r3, #2
 204 005a 0293     		str	r3, [sp, #8]
  75:Core/Src/spi.c ****     /**SPI2 GPIO Configuration
 205              		.loc 1 75 5 view .LVU55
 206 005c 029B     		ldr	r3, [sp, #8]
 207              	.LBE4:
  75:Core/Src/spi.c ****     /**SPI2 GPIO Configuration
 208              		.loc 1 75 5 view .LVU56
  81:Core/Src/spi.c ****     GPIO_InitStruct.Mode = GPIO_MODE_AF_PP;
 209              		.loc 1 81 5 view .LVU57
  81:Core/Src/spi.c ****     GPIO_InitStruct.Mode = GPIO_MODE_AF_PP;
 210              		.loc 1 81 25 is_stmt 0 view .LVU58
 211 005e 0C23     		movs	r3, #12
 212 0060 0393     		str	r3, [sp, #12]
  82:Core/Src/spi.c ****     GPIO_InitStruct.Pull = GPIO_NOPULL;
 213              		.loc 1 82 5 is_stmt 1 view .LVU59
  82:Core/Src/spi.c ****     GPIO_InitStruct.Pull = GPIO_NOPULL;
 214              		.loc 1 82 26 is_stmt 0 view .LVU60
 215 0062 0227     		movs	r7, #2
 216 0064 0497     		str	r7, [sp, #16]
  83:Core/Src/spi.c ****     GPIO_InitStruct.Speed = GPIO_SPEED_FREQ_VERY_HIGH;
 217              		.loc 1 83 5 is_stmt 1 view .LVU61
  84:Core/Src/spi.c ****     GPIO_InitStruct.Alternate = GPIO_AF5_SPI2;
 218              		.loc 1 84 5 view .LVU62
  84:Core/Src/spi.c ****     GPIO_InitStruct.Alternate = GPIO_AF5_SPI2;
 219              		.loc 1 84 27 is_stmt 0 view .LVU63
 220 0066 0326     		movs	r6, #3
ARM GAS  C:\Users\lzt404\AppData\Local\Temp\ccvlgAUm.s 			page 7


 221 0068 0696     		str	r6, [sp, #24]
  85:Core/Src/spi.c ****     HAL_GPIO_Init(GPIOC, &GPIO_InitStruct);
 222              		.loc 1 85 5 is_stmt 1 view .LVU64
  85:Core/Src/spi.c ****     HAL_GPIO_Init(GPIOC, &GPIO_InitStruct);
 223              		.loc 1 85 31 is_stmt 0 view .LVU65
 224 006a 0525     		movs	r5, #5
 225 006c 0795     		str	r5, [sp, #28]
  86:Core/Src/spi.c **** 
 226              		.loc 1 86 5 is_stmt 1 view .LVU66
 227 006e 0DEB0301 		add	r1, sp, r3
 228 0072 0848     		ldr	r0, .L11+4
 229              	.LVL5:
  86:Core/Src/spi.c **** 
 230              		.loc 1 86 5 is_stmt 0 view .LVU67
 231 0074 FFF7FEFF 		bl	HAL_GPIO_Init
 232              	.LVL6:
  88:Core/Src/spi.c ****     GPIO_InitStruct.Mode = GPIO_MODE_AF_PP;
 233              		.loc 1 88 5 is_stmt 1 view .LVU68
  88:Core/Src/spi.c ****     GPIO_InitStruct.Mode = GPIO_MODE_AF_PP;
 234              		.loc 1 88 25 is_stmt 0 view .LVU69
 235 0078 4FF48063 		mov	r3, #1024
 236 007c 0393     		str	r3, [sp, #12]
  89:Core/Src/spi.c ****     GPIO_InitStruct.Pull = GPIO_NOPULL;
 237              		.loc 1 89 5 is_stmt 1 view .LVU70
  89:Core/Src/spi.c ****     GPIO_InitStruct.Pull = GPIO_NOPULL;
 238              		.loc 1 89 26 is_stmt 0 view .LVU71
 239 007e 0497     		str	r7, [sp, #16]
  90:Core/Src/spi.c ****     GPIO_InitStruct.Speed = GPIO_SPEED_FREQ_VERY_HIGH;
 240              		.loc 1 90 5 is_stmt 1 view .LVU72
  90:Core/Src/spi.c ****     GPIO_InitStruct.Speed = GPIO_SPEED_FREQ_VERY_HIGH;
 241              		.loc 1 90 26 is_stmt 0 view .LVU73
 242 0080 0594     		str	r4, [sp, #20]
  91:Core/Src/spi.c ****     GPIO_InitStruct.Alternate = GPIO_AF5_SPI2;
 243              		.loc 1 91 5 is_stmt 1 view .LVU74
  91:Core/Src/spi.c ****     GPIO_InitStruct.Alternate = GPIO_AF5_SPI2;
 244              		.loc 1 91 27 is_stmt 0 view .LVU75
 245 0082 0696     		str	r6, [sp, #24]
  92:Core/Src/spi.c ****     HAL_GPIO_Init(GPIOB, &GPIO_InitStruct);
 246              		.loc 1 92 5 is_stmt 1 view .LVU76
  92:Core/Src/spi.c ****     HAL_GPIO_Init(GPIOB, &GPIO_InitStruct);
 247              		.loc 1 92 31 is_stmt 0 view .LVU77
 248 0084 0795     		str	r5, [sp, #28]
  93:Core/Src/spi.c **** 
 249              		.loc 1 93 5 is_stmt 1 view .LVU78
 250 0086 03A9     		add	r1, sp, #12
 251 0088 0348     		ldr	r0, .L11+8
 252 008a FFF7FEFF 		bl	HAL_GPIO_Init
 253              	.LVL7:
 254              		.loc 1 99 1 is_stmt 0 view .LVU79
 255 008e C3E7     		b	.L7
 256              	.L12:
 257              		.align	2
 258              	.L11:
 259 0090 00380040 		.word	1073756160
 260 0094 00080240 		.word	1073874944
 261 0098 00040240 		.word	1073873920
 262              		.cfi_endproc
ARM GAS  C:\Users\lzt404\AppData\Local\Temp\ccvlgAUm.s 			page 8


 263              	.LFE135:
 265              		.section	.text.HAL_SPI_MspDeInit,"ax",%progbits
 266              		.align	1
 267              		.global	HAL_SPI_MspDeInit
 268              		.syntax unified
 269              		.thumb
 270              		.thumb_func
 272              	HAL_SPI_MspDeInit:
 273              	.LVL8:
 274              	.LFB136:
 100:Core/Src/spi.c **** 
 101:Core/Src/spi.c **** void HAL_SPI_MspDeInit(SPI_HandleTypeDef* spiHandle)
 102:Core/Src/spi.c **** {
 275              		.loc 1 102 1 is_stmt 1 view -0
 276              		.cfi_startproc
 277              		@ args = 0, pretend = 0, frame = 0
 278              		@ frame_needed = 0, uses_anonymous_args = 0
 279              		.loc 1 102 1 is_stmt 0 view .LVU81
 280 0000 08B5     		push	{r3, lr}
 281              	.LCFI5:
 282              		.cfi_def_cfa_offset 8
 283              		.cfi_offset 3, -8
 284              		.cfi_offset 14, -4
 103:Core/Src/spi.c **** 
 104:Core/Src/spi.c ****   if(spiHandle->Instance==SPI2)
 285              		.loc 1 104 3 is_stmt 1 view .LVU82
 286              		.loc 1 104 15 is_stmt 0 view .LVU83
 287 0002 0268     		ldr	r2, [r0]
 288              		.loc 1 104 5 view .LVU84
 289 0004 094B     		ldr	r3, .L17
 290 0006 9A42     		cmp	r2, r3
 291 0008 00D0     		beq	.L16
 292              	.LVL9:
 293              	.L13:
 105:Core/Src/spi.c ****   {
 106:Core/Src/spi.c ****   /* USER CODE BEGIN SPI2_MspDeInit 0 */
 107:Core/Src/spi.c **** 
 108:Core/Src/spi.c ****   /* USER CODE END SPI2_MspDeInit 0 */
 109:Core/Src/spi.c ****     /* Peripheral clock disable */
 110:Core/Src/spi.c ****     __HAL_RCC_SPI2_CLK_DISABLE();
 111:Core/Src/spi.c **** 
 112:Core/Src/spi.c ****     /**SPI2 GPIO Configuration
 113:Core/Src/spi.c ****     PC2     ------> SPI2_MISO
 114:Core/Src/spi.c ****     PC3     ------> SPI2_MOSI
 115:Core/Src/spi.c ****     PB10     ------> SPI2_SCK
 116:Core/Src/spi.c ****     */
 117:Core/Src/spi.c ****     HAL_GPIO_DeInit(GPIOC, GPIO_PIN_2|GPIO_PIN_3);
 118:Core/Src/spi.c **** 
 119:Core/Src/spi.c ****     HAL_GPIO_DeInit(GPIOB, GPIO_PIN_10);
 120:Core/Src/spi.c **** 
 121:Core/Src/spi.c ****   /* USER CODE BEGIN SPI2_MspDeInit 1 */
 122:Core/Src/spi.c **** 
 123:Core/Src/spi.c ****   /* USER CODE END SPI2_MspDeInit 1 */
 124:Core/Src/spi.c ****   }
 125:Core/Src/spi.c **** }
 294              		.loc 1 125 1 view .LVU85
 295 000a 08BD     		pop	{r3, pc}
ARM GAS  C:\Users\lzt404\AppData\Local\Temp\ccvlgAUm.s 			page 9


 296              	.LVL10:
 297              	.L16:
 110:Core/Src/spi.c **** 
 298              		.loc 1 110 5 is_stmt 1 view .LVU86
 299 000c 084A     		ldr	r2, .L17+4
 300 000e 136C     		ldr	r3, [r2, #64]
 301 0010 23F48043 		bic	r3, r3, #16384
 302 0014 1364     		str	r3, [r2, #64]
 117:Core/Src/spi.c **** 
 303              		.loc 1 117 5 view .LVU87
 304 0016 0C21     		movs	r1, #12
 305 0018 0648     		ldr	r0, .L17+8
 306              	.LVL11:
 117:Core/Src/spi.c **** 
 307              		.loc 1 117 5 is_stmt 0 view .LVU88
 308 001a FFF7FEFF 		bl	HAL_GPIO_DeInit
 309              	.LVL12:
 119:Core/Src/spi.c **** 
 310              		.loc 1 119 5 is_stmt 1 view .LVU89
 311 001e 4FF48061 		mov	r1, #1024
 312 0022 0548     		ldr	r0, .L17+12
 313 0024 FFF7FEFF 		bl	HAL_GPIO_DeInit
 314              	.LVL13:
 315              		.loc 1 125 1 is_stmt 0 view .LVU90
 316 0028 EFE7     		b	.L13
 317              	.L18:
 318 002a 00BF     		.align	2
 319              	.L17:
 320 002c 00380040 		.word	1073756160
 321 0030 00380240 		.word	1073887232
 322 0034 00080240 		.word	1073874944
 323 0038 00040240 		.word	1073873920
 324              		.cfi_endproc
 325              	.LFE136:
 327              		.global	hspi2
 328              		.section	.bss.hspi2,"aw",%nobits
 329              		.align	2
 332              	hspi2:
 333 0000 00000000 		.space	88
 333      00000000 
 333      00000000 
 333      00000000 
 333      00000000 
 334              		.text
 335              	.Letext0:
 336              		.file 2 "D:/toolchain/mcu/arm-gnu-toolchain-13.3.rel1-mingw-w64-i686-arm-none-eabi/arm-none-eabi/i
 337              		.file 3 "D:/toolchain/mcu/arm-gnu-toolchain-13.3.rel1-mingw-w64-i686-arm-none-eabi/arm-none-eabi/i
 338              		.file 4 "Drivers/CMSIS/Device/ST/STM32F4xx/Include/stm32f407xx.h"
 339              		.file 5 "Drivers/STM32F4xx_HAL_Driver/Inc/stm32f4xx_hal_def.h"
 340              		.file 6 "Drivers/STM32F4xx_HAL_Driver/Inc/stm32f4xx_hal_gpio.h"
 341              		.file 7 "Drivers/STM32F4xx_HAL_Driver/Inc/stm32f4xx_hal_dma.h"
 342              		.file 8 "Drivers/STM32F4xx_HAL_Driver/Inc/stm32f4xx_hal_spi.h"
 343              		.file 9 "Core/Inc/spi.h"
 344              		.file 10 "Core/Inc/main.h"
ARM GAS  C:\Users\lzt404\AppData\Local\Temp\ccvlgAUm.s 			page 10


DEFINED SYMBOLS
                            *ABS*:00000000 spi.c
C:\Users\lzt404\AppData\Local\Temp\ccvlgAUm.s:21     .text.MX_SPI2_Init:00000000 $t
C:\Users\lzt404\AppData\Local\Temp\ccvlgAUm.s:27     .text.MX_SPI2_Init:00000000 MX_SPI2_Init
C:\Users\lzt404\AppData\Local\Temp\ccvlgAUm.s:100    .text.MX_SPI2_Init:0000003c $d
C:\Users\lzt404\AppData\Local\Temp\ccvlgAUm.s:332    .bss.hspi2:00000000 hspi2
C:\Users\lzt404\AppData\Local\Temp\ccvlgAUm.s:106    .text.HAL_SPI_MspInit:00000000 $t
C:\Users\lzt404\AppData\Local\Temp\ccvlgAUm.s:112    .text.HAL_SPI_MspInit:00000000 HAL_SPI_MspInit
C:\Users\lzt404\AppData\Local\Temp\ccvlgAUm.s:259    .text.HAL_SPI_MspInit:00000090 $d
C:\Users\lzt404\AppData\Local\Temp\ccvlgAUm.s:266    .text.HAL_SPI_MspDeInit:00000000 $t
C:\Users\lzt404\AppData\Local\Temp\ccvlgAUm.s:272    .text.HAL_SPI_MspDeInit:00000000 HAL_SPI_MspDeInit
C:\Users\lzt404\AppData\Local\Temp\ccvlgAUm.s:320    .text.HAL_SPI_MspDeInit:0000002c $d
C:\Users\lzt404\AppData\Local\Temp\ccvlgAUm.s:329    .bss.hspi2:00000000 $d

UNDEFINED SYMBOLS
HAL_SPI_Init
Error_Handler
HAL_GPIO_Init
HAL_GPIO_DeInit
